find_header: checking for sqlite3.h... -------------------- yes

"/usr/bin/gcc -E -I. -I/home/vagrant/.rbenv/versions/1.8.7-p374/lib/ruby/1.8/i686-linux -I. -I/home/vagrant/.rbenv/versions/1.8.7-p374/include  -D_FILE_OFFSET_BITS=64 -I/home/vagrant/.rbenv/versions/1.8.7-p374/include  -g -O2    conftest.c -o conftest.i"
checked program was:
/* begin */
1: #include <sqlite3.h>
/* end */

--------------------

find_library: checking for sqlite3_libversion_number() in -lsqlite3... -------------------- yes

"/usr/bin/gcc -o conftest -I. -I/home/vagrant/.rbenv/versions/1.8.7-p374/lib/ruby/1.8/i686-linux -I. -I/home/vagrant/.rbenv/versions/1.8.7-p374/include  -D_FILE_OFFSET_BITS=64 -I/home/vagrant/.rbenv/versions/1.8.7-p374/include  -g -O2   conftest.c  -L. -L/home/vagrant/.rbenv/versions/1.8.7-p374/lib -Wl,-R/home/vagrant/.rbenv/versions/1.8.7-p374/lib -L. -L/home/vagrant/.rbenv/versions/1.8.7-p374/lib  -rdynamic -Wl,-export-dynamic     -lruby-static -lsqlite3  -lrt -ldl -lcrypt -lm   -lc"
conftest.c: In function ‘t’:
conftest.c:3:53: error: ‘sqlite3_libversion_number’ undeclared (first use in this function)
conftest.c:3:53: note: each undeclared identifier is reported only once for each function it appears in
checked program was:
/* begin */
1: /*top*/
2: int main() { return 0; }
3: int t() { void ((*volatile p)()); p = (void ((*)()))sqlite3_libversion_number; return 0; }
/* end */

"/usr/bin/gcc -o conftest -I. -I/home/vagrant/.rbenv/versions/1.8.7-p374/lib/ruby/1.8/i686-linux -I. -I/home/vagrant/.rbenv/versions/1.8.7-p374/include  -D_FILE_OFFSET_BITS=64 -I/home/vagrant/.rbenv/versions/1.8.7-p374/include  -g -O2   conftest.c  -L. -L/home/vagrant/.rbenv/versions/1.8.7-p374/lib -Wl,-R/home/vagrant/.rbenv/versions/1.8.7-p374/lib -L. -L/home/vagrant/.rbenv/versions/1.8.7-p374/lib  -rdynamic -Wl,-export-dynamic     -lruby-static -lsqlite3  -lrt -ldl -lcrypt -lm   -lc"
checked program was:
/* begin */
1: /*top*/
2: int main() { return 0; }
3: int t() { sqlite3_libversion_number(); return 0; }
/* end */

--------------------

have_func: checking for rb_proc_arity()... -------------------- no

"/usr/bin/gcc -o conftest -I. -I/home/vagrant/.rbenv/versions/1.8.7-p374/lib/ruby/1.8/i686-linux -I. -I/home/vagrant/.rbenv/versions/1.8.7-p374/include  -D_FILE_OFFSET_BITS=64 -I/home/vagrant/.rbenv/versions/1.8.7-p374/include  -g -O2   conftest.c  -L. -L/home/vagrant/.rbenv/versions/1.8.7-p374/lib -Wl,-R/home/vagrant/.rbenv/versions/1.8.7-p374/lib -L. -L/home/vagrant/.rbenv/versions/1.8.7-p374/lib  -rdynamic -Wl,-export-dynamic    -lsqlite3  -lruby-static -lsqlite3  -lrt -ldl -lcrypt -lm   -lc"
conftest.c: In function ‘t’:
conftest.c:3:53: error: ‘rb_proc_arity’ undeclared (first use in this function)
conftest.c:3:53: note: each undeclared identifier is reported only once for each function it appears in
checked program was:
/* begin */
1: /*top*/
2: int main() { return 0; }
3: int t() { void ((*volatile p)()); p = (void ((*)()))rb_proc_arity; return 0; }
/* end */

"/usr/bin/gcc -o conftest -I. -I/home/vagrant/.rbenv/versions/1.8.7-p374/lib/ruby/1.8/i686-linux -I. -I/home/vagrant/.rbenv/versions/1.8.7-p374/include  -D_FILE_OFFSET_BITS=64 -I/home/vagrant/.rbenv/versions/1.8.7-p374/include  -g -O2   conftest.c  -L. -L/home/vagrant/.rbenv/versions/1.8.7-p374/lib -Wl,-R/home/vagrant/.rbenv/versions/1.8.7-p374/lib -L. -L/home/vagrant/.rbenv/versions/1.8.7-p374/lib  -rdynamic -Wl,-export-dynamic    -lsqlite3  -lruby-static -lsqlite3  -lrt -ldl -lcrypt -lm   -lc"
/tmp/ccLX8qIX.o: In function `t':
/home/vagrant/rspec/messages/vendor/bundle/ruby/1.8/gems/sqlite3-1.3.8/ext/sqlite3/conftest.c:3: undefined reference to `rb_proc_arity'
collect2: ld returned 1 exit status
checked program was:
/* begin */
1: /*top*/
2: int main() { return 0; }
3: int t() { rb_proc_arity(); return 0; }
/* end */

--------------------

have_func: checking for sqlite3_initialize()... -------------------- yes

"/usr/bin/gcc -o conftest -I. -I/home/vagrant/.rbenv/versions/1.8.7-p374/lib/ruby/1.8/i686-linux -I. -I/home/vagrant/.rbenv/versions/1.8.7-p374/include  -D_FILE_OFFSET_BITS=64 -I/home/vagrant/.rbenv/versions/1.8.7-p374/include  -g -O2   conftest.c  -L. -L/home/vagrant/.rbenv/versions/1.8.7-p374/lib -Wl,-R/home/vagrant/.rbenv/versions/1.8.7-p374/lib -L. -L/home/vagrant/.rbenv/versions/1.8.7-p374/lib  -rdynamic -Wl,-export-dynamic    -lsqlite3  -lruby-static -lsqlite3  -lrt -ldl -lcrypt -lm   -lc"
conftest.c: In function ‘t’:
conftest.c:3:53: error: ‘sqlite3_initialize’ undeclared (first use in this function)
conftest.c:3:53: note: each undeclared identifier is reported only once for each function it appears in
checked program was:
/* begin */
1: /*top*/
2: int main() { return 0; }
3: int t() { void ((*volatile p)()); p = (void ((*)()))sqlite3_initialize; return 0; }
/* end */

"/usr/bin/gcc -o conftest -I. -I/home/vagrant/.rbenv/versions/1.8.7-p374/lib/ruby/1.8/i686-linux -I. -I/home/vagrant/.rbenv/versions/1.8.7-p374/include  -D_FILE_OFFSET_BITS=64 -I/home/vagrant/.rbenv/versions/1.8.7-p374/include  -g -O2   conftest.c  -L. -L/home/vagrant/.rbenv/versions/1.8.7-p374/lib -Wl,-R/home/vagrant/.rbenv/versions/1.8.7-p374/lib -L. -L/home/vagrant/.rbenv/versions/1.8.7-p374/lib  -rdynamic -Wl,-export-dynamic    -lsqlite3  -lruby-static -lsqlite3  -lrt -ldl -lcrypt -lm   -lc"
checked program was:
/* begin */
1: /*top*/
2: int main() { return 0; }
3: int t() { sqlite3_initialize(); return 0; }
/* end */

--------------------

have_func: checking for sqlite3_backup_init()... -------------------- yes

"/usr/bin/gcc -o conftest -I. -I/home/vagrant/.rbenv/versions/1.8.7-p374/lib/ruby/1.8/i686-linux -I. -I/home/vagrant/.rbenv/versions/1.8.7-p374/include  -D_FILE_OFFSET_BITS=64 -I/home/vagrant/.rbenv/versions/1.8.7-p374/include  -g -O2   conftest.c  -L. -L/home/vagrant/.rbenv/versions/1.8.7-p374/lib -Wl,-R/home/vagrant/.rbenv/versions/1.8.7-p374/lib -L. -L/home/vagrant/.rbenv/versions/1.8.7-p374/lib  -rdynamic -Wl,-export-dynamic    -lsqlite3  -lruby-static -lsqlite3  -lrt -ldl -lcrypt -lm   -lc"
conftest.c: In function ‘t’:
conftest.c:3:53: error: ‘sqlite3_backup_init’ undeclared (first use in this function)
conftest.c:3:53: note: each undeclared identifier is reported only once for each function it appears in
checked program was:
/* begin */
1: /*top*/
2: int main() { return 0; }
3: int t() { void ((*volatile p)()); p = (void ((*)()))sqlite3_backup_init; return 0; }
/* end */

"/usr/bin/gcc -o conftest -I. -I/home/vagrant/.rbenv/versions/1.8.7-p374/lib/ruby/1.8/i686-linux -I. -I/home/vagrant/.rbenv/versions/1.8.7-p374/include  -D_FILE_OFFSET_BITS=64 -I/home/vagrant/.rbenv/versions/1.8.7-p374/include  -g -O2   conftest.c  -L. -L/home/vagrant/.rbenv/versions/1.8.7-p374/lib -Wl,-R/home/vagrant/.rbenv/versions/1.8.7-p374/lib -L. -L/home/vagrant/.rbenv/versions/1.8.7-p374/lib  -rdynamic -Wl,-export-dynamic    -lsqlite3  -lruby-static -lsqlite3  -lrt -ldl -lcrypt -lm   -lc"
checked program was:
/* begin */
1: /*top*/
2: int main() { return 0; }
3: int t() { sqlite3_backup_init(); return 0; }
/* end */

--------------------

have_func: checking for sqlite3_column_database_name()... -------------------- yes

"/usr/bin/gcc -o conftest -I. -I/home/vagrant/.rbenv/versions/1.8.7-p374/lib/ruby/1.8/i686-linux -I. -I/home/vagrant/.rbenv/versions/1.8.7-p374/include  -D_FILE_OFFSET_BITS=64 -I/home/vagrant/.rbenv/versions/1.8.7-p374/include  -g -O2   conftest.c  -L. -L/home/vagrant/.rbenv/versions/1.8.7-p374/lib -Wl,-R/home/vagrant/.rbenv/versions/1.8.7-p374/lib -L. -L/home/vagrant/.rbenv/versions/1.8.7-p374/lib  -rdynamic -Wl,-export-dynamic    -lsqlite3  -lruby-static -lsqlite3  -lrt -ldl -lcrypt -lm   -lc"
conftest.c: In function ‘t’:
conftest.c:3:53: error: ‘sqlite3_column_database_name’ undeclared (first use in this function)
conftest.c:3:53: note: each undeclared identifier is reported only once for each function it appears in
checked program was:
/* begin */
1: /*top*/
2: int main() { return 0; }
3: int t() { void ((*volatile p)()); p = (void ((*)()))sqlite3_column_database_name; return 0; }
/* end */

"/usr/bin/gcc -o conftest -I. -I/home/vagrant/.rbenv/versions/1.8.7-p374/lib/ruby/1.8/i686-linux -I. -I/home/vagrant/.rbenv/versions/1.8.7-p374/include  -D_FILE_OFFSET_BITS=64 -I/home/vagrant/.rbenv/versions/1.8.7-p374/include  -g -O2   conftest.c  -L. -L/home/vagrant/.rbenv/versions/1.8.7-p374/lib -Wl,-R/home/vagrant/.rbenv/versions/1.8.7-p374/lib -L. -L/home/vagrant/.rbenv/versions/1.8.7-p374/lib  -rdynamic -Wl,-export-dynamic    -lsqlite3  -lruby-static -lsqlite3  -lrt -ldl -lcrypt -lm   -lc"
checked program was:
/* begin */
1: /*top*/
2: int main() { return 0; }
3: int t() { sqlite3_column_database_name(); return 0; }
/* end */

--------------------

have_func: checking for sqlite3_enable_load_extension()... -------------------- yes

"/usr/bin/gcc -o conftest -I. -I/home/vagrant/.rbenv/versions/1.8.7-p374/lib/ruby/1.8/i686-linux -I. -I/home/vagrant/.rbenv/versions/1.8.7-p374/include  -D_FILE_OFFSET_BITS=64 -I/home/vagrant/.rbenv/versions/1.8.7-p374/include  -g -O2   conftest.c  -L. -L/home/vagrant/.rbenv/versions/1.8.7-p374/lib -Wl,-R/home/vagrant/.rbenv/versions/1.8.7-p374/lib -L. -L/home/vagrant/.rbenv/versions/1.8.7-p374/lib  -rdynamic -Wl,-export-dynamic    -lsqlite3  -lruby-static -lsqlite3  -lrt -ldl -lcrypt -lm   -lc"
conftest.c: In function ‘t’:
conftest.c:3:53: error: ‘sqlite3_enable_load_extension’ undeclared (first use in this function)
conftest.c:3:53: note: each undeclared identifier is reported only once for each function it appears in
checked program was:
/* begin */
1: /*top*/
2: int main() { return 0; }
3: int t() { void ((*volatile p)()); p = (void ((*)()))sqlite3_enable_load_extension; return 0; }
/* end */

"/usr/bin/gcc -o conftest -I. -I/home/vagrant/.rbenv/versions/1.8.7-p374/lib/ruby/1.8/i686-linux -I. -I/home/vagrant/.rbenv/versions/1.8.7-p374/include  -D_FILE_OFFSET_BITS=64 -I/home/vagrant/.rbenv/versions/1.8.7-p374/include  -g -O2   conftest.c  -L. -L/home/vagrant/.rbenv/versions/1.8.7-p374/lib -Wl,-R/home/vagrant/.rbenv/versions/1.8.7-p374/lib -L. -L/home/vagrant/.rbenv/versions/1.8.7-p374/lib  -rdynamic -Wl,-export-dynamic    -lsqlite3  -lruby-static -lsqlite3  -lrt -ldl -lcrypt -lm   -lc"
checked program was:
/* begin */
1: /*top*/
2: int main() { return 0; }
3: int t() { sqlite3_enable_load_extension(); return 0; }
/* end */

--------------------

have_func: checking for sqlite3_load_extension()... -------------------- yes

"/usr/bin/gcc -o conftest -I. -I/home/vagrant/.rbenv/versions/1.8.7-p374/lib/ruby/1.8/i686-linux -I. -I/home/vagrant/.rbenv/versions/1.8.7-p374/include  -D_FILE_OFFSET_BITS=64 -I/home/vagrant/.rbenv/versions/1.8.7-p374/include  -g -O2   conftest.c  -L. -L/home/vagrant/.rbenv/versions/1.8.7-p374/lib -Wl,-R/home/vagrant/.rbenv/versions/1.8.7-p374/lib -L. -L/home/vagrant/.rbenv/versions/1.8.7-p374/lib  -rdynamic -Wl,-export-dynamic    -lsqlite3  -lruby-static -lsqlite3  -lrt -ldl -lcrypt -lm   -lc"
conftest.c: In function ‘t’:
conftest.c:3:53: error: ‘sqlite3_load_extension’ undeclared (first use in this function)
conftest.c:3:53: note: each undeclared identifier is reported only once for each function it appears in
checked program was:
/* begin */
1: /*top*/
2: int main() { return 0; }
3: int t() { void ((*volatile p)()); p = (void ((*)()))sqlite3_load_extension; return 0; }
/* end */

"/usr/bin/gcc -o conftest -I. -I/home/vagrant/.rbenv/versions/1.8.7-p374/lib/ruby/1.8/i686-linux -I. -I/home/vagrant/.rbenv/versions/1.8.7-p374/include  -D_FILE_OFFSET_BITS=64 -I/home/vagrant/.rbenv/versions/1.8.7-p374/include  -g -O2   conftest.c  -L. -L/home/vagrant/.rbenv/versions/1.8.7-p374/lib -Wl,-R/home/vagrant/.rbenv/versions/1.8.7-p374/lib -L. -L/home/vagrant/.rbenv/versions/1.8.7-p374/lib  -rdynamic -Wl,-export-dynamic    -lsqlite3  -lruby-static -lsqlite3  -lrt -ldl -lcrypt -lm   -lc"
checked program was:
/* begin */
1: /*top*/
2: int main() { return 0; }
3: int t() { sqlite3_load_extension(); return 0; }
/* end */

--------------------

have_func: checking for sqlite3_open_v2()... -------------------- yes

"/usr/bin/gcc -o conftest -I. -I/home/vagrant/.rbenv/versions/1.8.7-p374/lib/ruby/1.8/i686-linux -I. -I/home/vagrant/.rbenv/versions/1.8.7-p374/include  -D_FILE_OFFSET_BITS=64 -I/home/vagrant/.rbenv/versions/1.8.7-p374/include  -g -O2   conftest.c  -L. -L/home/vagrant/.rbenv/versions/1.8.7-p374/lib -Wl,-R/home/vagrant/.rbenv/versions/1.8.7-p374/lib -L. -L/home/vagrant/.rbenv/versions/1.8.7-p374/lib  -rdynamic -Wl,-export-dynamic    -lsqlite3  -lruby-static -lsqlite3  -lrt -ldl -lcrypt -lm   -lc"
conftest.c: In function ‘t’:
conftest.c:3:53: error: ‘sqlite3_open_v2’ undeclared (first use in this function)
conftest.c:3:53: note: each undeclared identifier is reported only once for each function it appears in
checked program was:
/* begin */
1: /*top*/
2: int main() { return 0; }
3: int t() { void ((*volatile p)()); p = (void ((*)()))sqlite3_open_v2; return 0; }
/* end */

"/usr/bin/gcc -o conftest -I. -I/home/vagrant/.rbenv/versions/1.8.7-p374/lib/ruby/1.8/i686-linux -I. -I/home/vagrant/.rbenv/versions/1.8.7-p374/include  -D_FILE_OFFSET_BITS=64 -I/home/vagrant/.rbenv/versions/1.8.7-p374/include  -g -O2   conftest.c  -L. -L/home/vagrant/.rbenv/versions/1.8.7-p374/lib -Wl,-R/home/vagrant/.rbenv/versions/1.8.7-p374/lib -L. -L/home/vagrant/.rbenv/versions/1.8.7-p374/lib  -rdynamic -Wl,-export-dynamic    -lsqlite3  -lruby-static -lsqlite3  -lrt -ldl -lcrypt -lm   -lc"
checked program was:
/* begin */
1: /*top*/
2: int main() { return 0; }
3: int t() { sqlite3_open_v2(); return 0; }
/* end */

--------------------

have_func: checking for sqlite3_prepare_v2()... -------------------- yes

"/usr/bin/gcc -o conftest -I. -I/home/vagrant/.rbenv/versions/1.8.7-p374/lib/ruby/1.8/i686-linux -I. -I/home/vagrant/.rbenv/versions/1.8.7-p374/include  -D_FILE_OFFSET_BITS=64 -I/home/vagrant/.rbenv/versions/1.8.7-p374/include  -g -O2   conftest.c  -L. -L/home/vagrant/.rbenv/versions/1.8.7-p374/lib -Wl,-R/home/vagrant/.rbenv/versions/1.8.7-p374/lib -L. -L/home/vagrant/.rbenv/versions/1.8.7-p374/lib  -rdynamic -Wl,-export-dynamic    -lsqlite3  -lruby-static -lsqlite3  -lrt -ldl -lcrypt -lm   -lc"
conftest.c: In function ‘t’:
conftest.c:3:53: error: ‘sqlite3_prepare_v2’ undeclared (first use in this function)
conftest.c:3:53: note: each undeclared identifier is reported only once for each function it appears in
checked program was:
/* begin */
1: /*top*/
2: int main() { return 0; }
3: int t() { void ((*volatile p)()); p = (void ((*)()))sqlite3_prepare_v2; return 0; }
/* end */

"/usr/bin/gcc -o conftest -I. -I/home/vagrant/.rbenv/versions/1.8.7-p374/lib/ruby/1.8/i686-linux -I. -I/home/vagrant/.rbenv/versions/1.8.7-p374/include  -D_FILE_OFFSET_BITS=64 -I/home/vagrant/.rbenv/versions/1.8.7-p374/include  -g -O2   conftest.c  -L. -L/home/vagrant/.rbenv/versions/1.8.7-p374/lib -Wl,-R/home/vagrant/.rbenv/versions/1.8.7-p374/lib -L. -L/home/vagrant/.rbenv/versions/1.8.7-p374/lib  -rdynamic -Wl,-export-dynamic    -lsqlite3  -lruby-static -lsqlite3  -lrt -ldl -lcrypt -lm   -lc"
checked program was:
/* begin */
1: /*top*/
2: int main() { return 0; }
3: int t() { sqlite3_prepare_v2(); return 0; }
/* end */

--------------------

have_type: checking for sqlite3_int64 in sqlite3.h... -------------------- yes

"/usr/bin/gcc -I. -I/home/vagrant/.rbenv/versions/1.8.7-p374/lib/ruby/1.8/i686-linux -I. -I/home/vagrant/.rbenv/versions/1.8.7-p374/include  -D_FILE_OFFSET_BITS=64 -I/home/vagrant/.rbenv/versions/1.8.7-p374/include  -g -O2     -c conftest.c"
checked program was:
/* begin */
1: #include <sqlite3.h>
2: 
3: /*top*/
4: typedef sqlite3_int64 conftest_type;
5: int conftestval[sizeof(conftest_type)?1:-1];
/* end */

--------------------

have_type: checking for sqlite3_uint64 in sqlite3.h... -------------------- yes

"/usr/bin/gcc -I. -I/home/vagrant/.rbenv/versions/1.8.7-p374/lib/ruby/1.8/i686-linux -I. -I/home/vagrant/.rbenv/versions/1.8.7-p374/include  -D_FILE_OFFSET_BITS=64 -I/home/vagrant/.rbenv/versions/1.8.7-p374/include  -g -O2     -c conftest.c"
checked program was:
/* begin */
1: #include <sqlite3.h>
2: 
3: /*top*/
4: typedef sqlite3_uint64 conftest_type;
5: int conftestval[sizeof(conftest_type)?1:-1];
/* end */

--------------------

